[2025-03-15 03:52:45] ERROR: No audio file uploaded or upload error
[2025-03-15 03:57:13] ERROR: No audio file uploaded or upload error
[2025-03-15 04:02:05] ERROR: No audio file uploaded or upload error
[2025-03-15 04:07:52] ERROR: No audio file uploaded or upload error
[2025-03-15 04:20:44] ERROR: No audio file uploaded or upload error
[2025-03-15 04:28:56] ERROR: No audio file uploaded or upload error
[2025-03-15 04:30:29] Extracting from C:\Users\info\AppData\Local\Temp\phpE8B5.tmp to C:\Users\info\AppData\Local\Temp/region_67d502657bf22.wav
[2025-03-15 04:30:29] Extracting from 0 to 3.01 (265482 bytes)
[2025-03-15 04:30:29] Extracted from 0 to 3.01 (265482 bytes)
[2025-03-15 04:30:29] Extracting from C:\Users\info\AppData\Local\Temp\phpE8B5.tmp to C:\Users\info\AppData\Local\Temp/region_67d502658efe9.wav
[2025-03-15 04:30:29] Extracting from 3.01 to 5.399 (210709 bytes)
[2025-03-15 04:30:29] Extracted from 3.01 to 5.399 (210709 bytes)
[2025-03-15 04:30:29] Created stereo mix file
[2025-03-15 04:30:29] Audio processing completed for ElevenLabs_2025-03-14T18_37_16_OrangeJeff_ivc_s50_sb75_se0_b_m2 (4).wav_speaker1.wav
[2025-03-15 08:24:08] ERROR: No audio file uploaded or upload error
[2025-03-15 08:27:53] ERROR: No audio file uploaded or upload error
[2025-03-15 08:31:53] Extracting from C:\Users\info\AppData\Local\Temp\phpEEFD.tmp to C:\Users\info\AppData\Local\Temp/region_67d53af97cff3.wav
[2025-03-15 08:31:53] Extracting from 0 to 1.102 (105792 bytes)
[2025-03-15 08:31:53] Extracted from 0 to 1.102 (105792 bytes)
[2025-03-15 08:31:53] Extracting from C:\Users\info\AppData\Local\Temp\phpEEFD.tmp to C:\Users\info\AppData\Local\Temp/region_67d53af98699f.wav
[2025-03-15 08:31:53] Extracting from 1.102 to 2.931 (175584 bytes)
[2025-03-15 08:31:53] Extracted from 1.102 to 2.931 (175584 bytes)
[2025-03-15 08:31:53] Created stereo mix file
[2025-03-15 08:31:53] Audio processing completed for 165d6c6f-0b9f-47ed-8cb7-ac367b168f1b.wav
[2025-03-15 08:39:04] ERROR: Only POST method is accepted
[2025-03-15 09:38:36] ERROR: Only POST method is accepted
